{"name": "test_e2e", "status": "broken", "statusDetails": {"message": "selenium.common.exceptions.InvalidArgumentException: Message: invalid argument: 'using' must be a string\n  (Session info: chrome=122.0.6261.129)\nStacktrace:\n\tGetHandleVerifier [0x01018D03+51395]\n\t(No symbol) [0x00F85F61]\n\t(No symbol) [0x00E3E13A]\n\t(No symbol) [0x00E761E9]\n\t(No symbol) [0x00E763EB]\n\t(No symbol) [0x00EAC162]\n\t(No symbol) [0x00E93ED4]\n\t(No symbol) [0x00EAA570]\n\t(No symbol) [0x00E93C26]\n\t(No symbol) [0x00E6C629]\n\t(No symbol) [0x00E6D40D]\n\tGetHandleVerifier [0x013968D3+3712147]\n\tGetHandleVerifier [0x013D5CBA+3971194]\n\tGetHandleVerifier [0x013D0FA8+3951464]\n\tGetHandleVerifier [0x010C9D09+776393]\n\t(No symbol) [0x00F91734]\n\t(No symbol) [0x00F8C618]\n\t(No symbol) [0x00F8C7C9]\n\t(No symbol) [0x00F7DDF0]\n\tBaseThreadInitThunk [0x773B7D69+25]\n\tRtlInitializeExceptionChain [0x77D1BB9B+107]\n\tRtlClearBits [0x77D1BB1F+191]", "trace": "self = <tests.test_e2e.TestOne object at 0x000001982CBDEBD0>\n\n    def test_e2e(self):\n        log = self.getLogger()\n        homePage = HomePage(self.driver)\n>       checkoutpage = homePage.shopItems()\n\ntests\\test_e2e.py:21: \n_ _ _ _ _ _ _ _ _ _ _ _ _ _ _ _ _ _ _ _ _ _ _ _ _ _ _ _ _ _ _ _ _ _ _ _ _ _ _ _ _ _ _ _ _ _ _ _ _ _ _ _ _ _ _ _ _ _ _ _ _ _ _ _ _ _ _ _ _ _ _ _ _ _ _ _ _ _ _ _ _ _ _ _ _ _ _ _ _ _\npageObjects\\HomePage.py:19: in shopItems\n    self.driver.find_element(self.shop).click()\n..\\..\\..\\AppData\\Local\\Programs\\Python\\Python312\\Lib\\site-packages\\selenium\\webdriver\\remote\\webdriver.py:831: in find_element\n    return self.execute(Command.FIND_ELEMENT, {\"using\": by, \"value\": value})[\"value\"]\n..\\..\\..\\AppData\\Local\\Programs\\Python\\Python312\\Lib\\site-packages\\selenium\\webdriver\\remote\\webdriver.py:440: in execute\n    self.error_handler.check_response(response)\n_ _ _ _ _ _ _ _ _ _ _ _ _ _ _ _ _ _ _ _ _ _ _ _ _ _ _ _ _ _ _ _ _ _ _ _ _ _ _ _ _ _ _ _ _ _ _ _ _ _ _ _ _ _ _ _ _ _ _ _ _ _ _ _ _ _ _ _ _ _ _ _ _ _ _ _ _ _ _ _ _ _ _ _ _ _ _ _ _ _\n\nself = <selenium.webdriver.remote.errorhandler.ErrorHandler object at 0x000001982CC0D520>\nresponse = {'status': 400, 'value': '{\"value\":{\"error\":\"invalid argument\",\"message\":\"invalid argument: \\'using\\' must be a string...dInitThunk [0x773B7D69+25]\\\\n\\\\tRtlInitializeExceptionChain [0x77D1BB9B+107]\\\\n\\\\tRtlClearBits [0x77D1BB1F+191]\\\\n\"}}'}\n\n    def check_response(self, response: Dict[str, Any]) -> None:\n        \"\"\"Checks that a JSON response from the WebDriver does not have an\n        error.\n    \n        :Args:\n         - response - The JSON response from the WebDriver server as a dictionary\n           object.\n    \n        :Raises: If the response contains an error message.\n        \"\"\"\n        status = response.get(\"status\", None)\n        if not status or status == ErrorCode.SUCCESS:\n            return\n        value = None\n        message = response.get(\"message\", \"\")\n        screen: str = response.get(\"screen\", \"\")\n        stacktrace = None\n        if isinstance(status, int):\n            value_json = response.get(\"value\", None)\n            if value_json and isinstance(value_json, str):\n                import json\n    \n                try:\n                    value = json.loads(value_json)\n                    if len(value) == 1:\n                        value = value[\"value\"]\n                    status = value.get(\"error\", None)\n                    if not status:\n                        status = value.get(\"status\", ErrorCode.UNKNOWN_ERROR)\n                        message = value.get(\"value\") or value.get(\"message\")\n                        if not isinstance(message, str):\n                            value = message\n                            message = message.get(\"message\")\n                    else:\n                        message = value.get(\"message\", None)\n                except ValueError:\n                    pass\n    \n        exception_class: Type[WebDriverException]\n        if status in ErrorCode.NO_SUCH_ELEMENT:\n            exception_class = NoSuchElementException\n        elif status in ErrorCode.NO_SUCH_FRAME:\n            exception_class = NoSuchFrameException\n        elif status in ErrorCode.NO_SUCH_SHADOW_ROOT:\n            exception_class = NoSuchShadowRootException\n        elif status in ErrorCode.NO_SUCH_WINDOW:\n            exception_class = NoSuchWindowException\n        elif status in ErrorCode.STALE_ELEMENT_REFERENCE:\n            exception_class = StaleElementReferenceException\n        elif status in ErrorCode.ELEMENT_NOT_VISIBLE:\n            exception_class = ElementNotVisibleException\n        elif status in ErrorCode.INVALID_ELEMENT_STATE:\n            exception_class = InvalidElementStateException\n        elif (\n            status in ErrorCode.INVALID_SELECTOR\n            or status in ErrorCode.INVALID_XPATH_SELECTOR\n            or status in ErrorCode.INVALID_XPATH_SELECTOR_RETURN_TYPER\n        ):\n            exception_class = InvalidSelectorException\n        elif status in ErrorCode.ELEMENT_IS_NOT_SELECTABLE:\n            exception_class = ElementNotSelectableException\n        elif status in ErrorCode.ELEMENT_NOT_INTERACTABLE:\n            exception_class = ElementNotInteractableException\n        elif status in ErrorCode.INVALID_COOKIE_DOMAIN:\n            exception_class = InvalidCookieDomainException\n        elif status in ErrorCode.UNABLE_TO_SET_COOKIE:\n            exception_class = UnableToSetCookieException\n        elif status in ErrorCode.TIMEOUT:\n            exception_class = TimeoutException\n        elif status in ErrorCode.SCRIPT_TIMEOUT:\n            exception_class = TimeoutException\n        elif status in ErrorCode.UNKNOWN_ERROR:\n            exception_class = WebDriverException\n        elif status in ErrorCode.UNEXPECTED_ALERT_OPEN:\n            exception_class = UnexpectedAlertPresentException\n        elif status in ErrorCode.NO_ALERT_OPEN:\n            exception_class = NoAlertPresentException\n        elif status in ErrorCode.IME_NOT_AVAILABLE:\n            exception_class = ImeNotAvailableException\n        elif status in ErrorCode.IME_ENGINE_ACTIVATION_FAILED:\n            exception_class = ImeActivationFailedException\n        elif status in ErrorCode.MOVE_TARGET_OUT_OF_BOUNDS:\n            exception_class = MoveTargetOutOfBoundsException\n        elif status in ErrorCode.JAVASCRIPT_ERROR:\n            exception_class = JavascriptException\n        elif status in ErrorCode.SESSION_NOT_CREATED:\n            exception_class = SessionNotCreatedException\n        elif status in ErrorCode.INVALID_ARGUMENT:\n            exception_class = InvalidArgumentException\n        elif status in ErrorCode.NO_SUCH_COOKIE:\n            exception_class = NoSuchCookieException\n        elif status in ErrorCode.UNABLE_TO_CAPTURE_SCREEN:\n            exception_class = ScreenshotException\n        elif status in ErrorCode.ELEMENT_CLICK_INTERCEPTED:\n            exception_class = ElementClickInterceptedException\n        elif status in ErrorCode.INSECURE_CERTIFICATE:\n            exception_class = InsecureCertificateException\n        elif status in ErrorCode.INVALID_COORDINATES:\n            exception_class = InvalidCoordinatesException\n        elif status in ErrorCode.INVALID_SESSION_ID:\n            exception_class = InvalidSessionIdException\n        elif status in ErrorCode.UNKNOWN_METHOD:\n            exception_class = UnknownMethodException\n        else:\n            exception_class = WebDriverException\n        if not value:\n            value = response[\"value\"]\n        if isinstance(value, str):\n            raise exception_class(value)\n        if message == \"\" and \"message\" in value:\n            message = value[\"message\"]\n    \n        screen = None  # type: ignore[assignment]\n        if \"screen\" in value:\n            screen = value[\"screen\"]\n    \n        stacktrace = None\n        st_value = value.get(\"stackTrace\") or value.get(\"stacktrace\")\n        if st_value:\n            if isinstance(st_value, str):\n                stacktrace = st_value.split(\"\\n\")\n            else:\n                stacktrace = []\n                try:\n                    for frame in st_value:\n                        line = frame.get(\"lineNumber\", \"\")\n                        file = frame.get(\"fileName\", \"<anonymous>\")\n                        if line:\n                            file = f\"{file}:{line}\"\n                        meth = frame.get(\"methodName\", \"<anonymous>\")\n                        if \"className\" in frame:\n                            meth = f\"{frame['className']}.{meth}\"\n                        msg = \"    at %s (%s)\"\n                        msg = msg % (meth, file)\n                        stacktrace.append(msg)\n                except TypeError:\n                    pass\n        if exception_class == UnexpectedAlertPresentException:\n            alert_text = None\n            if \"data\" in value:\n                alert_text = value[\"data\"].get(\"text\")\n            elif \"alert\" in value:\n                alert_text = value[\"alert\"].get(\"text\")\n            raise exception_class(message, screen, stacktrace, alert_text)  # type: ignore[call-arg]  # mypy is not smart enough here\n>       raise exception_class(message, screen, stacktrace)\nE       selenium.common.exceptions.InvalidArgumentException: Message: invalid argument: 'using' must be a string\nE         (Session info: chrome=122.0.6261.129)\nE       Stacktrace:\nE       \tGetHandleVerifier [0x01018D03+51395]\nE       \t(No symbol) [0x00F85F61]\nE       \t(No symbol) [0x00E3E13A]\nE       \t(No symbol) [0x00E761E9]\nE       \t(No symbol) [0x00E763EB]\nE       \t(No symbol) [0x00EAC162]\nE       \t(No symbol) [0x00E93ED4]\nE       \t(No symbol) [0x00EAA570]\nE       \t(No symbol) [0x00E93C26]\nE       \t(No symbol) [0x00E6C629]\nE       \t(No symbol) [0x00E6D40D]\nE       \tGetHandleVerifier [0x013968D3+3712147]\nE       \tGetHandleVerifier [0x013D5CBA+3971194]\nE       \tGetHandleVerifier [0x013D0FA8+3951464]\nE       \tGetHandleVerifier [0x010C9D09+776393]\nE       \t(No symbol) [0x00F91734]\nE       \t(No symbol) [0x00F8C618]\nE       \t(No symbol) [0x00F8C7C9]\nE       \t(No symbol) [0x00F7DDF0]\nE       \tBaseThreadInitThunk [0x773B7D69+25]\nE       \tRtlInitializeExceptionChain [0x77D1BB9B+107]\nE       \tRtlClearBits [0x77D1BB1F+191]\n\n..\\..\\..\\AppData\\Local\\Programs\\Python\\Python312\\Lib\\site-packages\\selenium\\webdriver\\remote\\errorhandler.py:245: InvalidArgumentException"}, "start": 1710821669074, "stop": 1710821669092, "uuid": "d3f6dcde-fd3c-41f3-916b-505c303a4528", "historyId": "ae038d837b9d6df85d3f0fb900bba974", "testCaseId": "ae038d837b9d6df85d3f0fb900bba974", "fullName": "tests.test_e2e.TestOne#test_e2e", "labels": [{"name": "tag", "value": "@pytest.mark.usefixtures('setup', 'log_on_failure')"}, {"name": "parentSuite", "value": "tests"}, {"name": "suite", "value": "test_e2e"}, {"name": "subSuite", "value": "TestOne"}, {"name": "host", "value": "PS-WIN-LP-474"}, {"name": "thread", "value": "24148-MainThread"}, {"name": "framework", "value": "pytest"}, {"name": "language", "value": "cpython3"}, {"name": "package", "value": "tests.test_e2e"}]}